Traceback (most recent call last):
  File "C:\Users\Lenovo\AppData\Local\Packages\PythonSoftwareFoundation.Python.3.11_qbz5n2kfra8p0\LocalCache\local-packages\Python311\site-packages\jupyter_cache\executors\utils.py", line 58, in single_nb_execution
    executenb(
  File "C:\Users\Lenovo\AppData\Local\Packages\PythonSoftwareFoundation.Python.3.11_qbz5n2kfra8p0\LocalCache\local-packages\Python311\site-packages\nbclient\client.py", line 1314, in execute
    return NotebookClient(nb=nb, resources=resources, km=km, **kwargs).execute()
           ^^^^^^^^^^^^^^^^^^^^^^^^^^^^^^^^^^^^^^^^^^^^^^^^^^^^^^^^^^^^^^^^^^^^^
  File "C:\Users\Lenovo\AppData\Local\Packages\PythonSoftwareFoundation.Python.3.11_qbz5n2kfra8p0\LocalCache\local-packages\Python311\site-packages\jupyter_core\utils\__init__.py", line 165, in wrapped
    return loop.run_until_complete(inner)
           ^^^^^^^^^^^^^^^^^^^^^^^^^^^^^^
  File "C:\Program Files\WindowsApps\PythonSoftwareFoundation.Python.3.11_3.11.2544.0_x64__qbz5n2kfra8p0\Lib\asyncio\base_events.py", line 654, in run_until_complete
    return future.result()
           ^^^^^^^^^^^^^^^
  File "C:\Users\Lenovo\AppData\Local\Packages\PythonSoftwareFoundation.Python.3.11_qbz5n2kfra8p0\LocalCache\local-packages\Python311\site-packages\nbclient\client.py", line 709, in async_execute
    await self.async_execute_cell(
  File "C:\Users\Lenovo\AppData\Local\Packages\PythonSoftwareFoundation.Python.3.11_qbz5n2kfra8p0\LocalCache\local-packages\Python311\site-packages\nbclient\client.py", line 1062, in async_execute_cell
    await self._check_raise_for_error(cell, cell_index, exec_reply)
  File "C:\Users\Lenovo\AppData\Local\Packages\PythonSoftwareFoundation.Python.3.11_qbz5n2kfra8p0\LocalCache\local-packages\Python311\site-packages\nbclient\client.py", line 918, in _check_raise_for_error
    raise CellExecutionError.from_cell_and_msg(cell, exec_reply_content)
nbclient.exceptions.CellExecutionError: An error occurred while executing the following cell:
------------------
# Menghapus kolom  fitur yang tidak diperlukan
df = df.drop(columns=['Open', 'High', 'Low', 'Adj Close', 'Volume'])
df.to_csv('RiotStock_cleaned.csv')
------------------


[1;31m---------------------------------------------------------------------------[0m
[1;31mNameError[0m                                 Traceback (most recent call last)
Cell [1;32mIn[4], line 2[0m
[0;32m      1[0m [38;5;66;03m# Menghapus kolom  fitur yang tidak diperlukan[39;00m
[1;32m----> 2[0m df [38;5;241m=[39m [43mdf[49m[38;5;241m.[39mdrop(columns[38;5;241m=[39m[[38;5;124m'[39m[38;5;124mOpen[39m[38;5;124m'[39m, [38;5;124m'[39m[38;5;124mHigh[39m[38;5;124m'[39m, [38;5;124m'[39m[38;5;124mLow[39m[38;5;124m'[39m, [38;5;124m'[39m[38;5;124mAdj Close[39m[38;5;124m'[39m, [38;5;124m'[39m[38;5;124mVolume[39m[38;5;124m'[39m])
[0;32m      3[0m df[38;5;241m.[39mto_csv([38;5;124m'[39m[38;5;124mRiotStock_cleaned.csv[39m[38;5;124m'[39m)

[1;31mNameError[0m: name 'df' is not defined

